# JRE version: Java(TM) SE Runtime Environment (24.0.2+12) (build 24.0.2+12-54)
# Java VM: Java HotSpot(TM) 64-Bit Server VM (24.0.2+12-54, mixed mode, sharing, tiered, compressed oops, compressed class ptrs, g1 gc, windows-amd64)
GC Precious Log:
 CardTable entry size: 512
 Card Set container configuration: InlinePtr #cards 4 size 8 Array Of Cards #cards 16 size 48 Howl #buckets 8 coarsen threshold 3686 Howl Bitmap #cards 512 size 80 coarsen threshold 460 Card regions per heap region 1 cards per card region 4096
 CPUs: 8 total, 8 available
 Memory: 14269M
 Large Page Support: Disabled
 NUMA Support: Disabled
 Compressed Oops: Enabled (Zero based)
 Heap Region Size: 2M
 Heap Min Capacity: 8M
 Heap Initial Capacity: 224M
 Heap Max Capacity: 3568M
 Pre-touch: Disabled
 Parallel Workers: 8
 Concurrent Workers: 2
 Concurrent Refinement Workers: 8
 Periodic GC: Disabled
Heap:
 garbage-first heap   total reserved 3653632K, committed 366592K, used 256337K [0x0000000721000000, 0x0000000800000000)
  region size 2048K, 7 young (14336K), 7 survivors (14336K)
 Metaspace       used 87780K, committed 88192K, reserved 1179648K
  class space    used 7631K, committed 7808K, reserved 1048576K
GC Heap History (20 events):
Event: 24.091 GC heap after
{Heap after GC invocations=32 (full 0):
 garbage-first heap   total reserved 3653632K, committed 239616K, used 171866K [0x0000000721000000, 0x0000000800000000)
  region size 2048K, 4 young (8192K), 4 survivors (8192K)
 Metaspace       used 69032K, committed 69376K, reserved 1114112K
  class space    used 6250K, committed 6400K, reserved 1048576K
}
Event: 25.168 GC heap before
{Heap before GC invocations=33 (full 0):
 garbage-first heap   total reserved 3653632K, committed 286720K, used 216922K [0x0000000721000000, 0x0000000800000000)
  region size 2048K, 26 young (53248K), 4 survivors (8192K)
 Metaspace       used 70111K, committed 70528K, reserved 1114112K
  class space    used 6340K, committed 6528K, reserved 1048576K
}
Event: 25.189 GC heap after
{Heap after GC invocations=34 (full 0):
 garbage-first heap   total reserved 3653632K, committed 286720K, used 187905K [0x0000000721000000, 0x0000000800000000)
  region size 2048K, 4 young (8192K), 4 survivors (8192K)
 Metaspace       used 70111K, committed 70528K, reserved 1114112K
  class space    used 6340K, committed 6528K, reserved 1048576K
}
Event: 26.447 GC heap before
{Heap before GC invocations=34 (full 0):
 garbage-first heap   total reserved 3653632K, committed 286720K, used 245249K [0x0000000721000000, 0x0000000800000000)
  region size 2048K, 33 young (67584K), 4 survivors (8192K)
 Metaspace       used 74453K, committed 74880K, reserved 1179648K
  class space    used 6740K, committed 6912K, reserved 1048576K
}
Event: 26.480 GC heap after
{Heap after GC invocations=35 (full 0):
 garbage-first heap   total reserved 3653632K, committed 344064K, used 190124K [0x0000000721000000, 0x0000000800000000)
  region size 2048K, 2 young (4096K), 2 survivors (4096K)
 Metaspace       used 74453K, committed 74880K, reserved 1179648K
  class space    used 6740K, committed 6912K, reserved 1048576K
}
Event: 29.814 GC heap before
{Heap before GC invocations=35 (full 0):
 garbage-first heap   total reserved 3653632K, committed 344064K, used 284332K [0x0000000721000000, 0x0000000800000000)
  region size 2048K, 48 young (98304K), 2 survivors (4096K)
 Metaspace       used 80409K, committed 80832K, reserved 1179648K
  class space    used 7156K, committed 7296K, reserved 1048576K
}
Event: 29.828 GC heap after
{Heap after GC invocations=36 (full 0):
 garbage-first heap   total reserved 3653632K, committed 344064K, used 198096K [0x0000000721000000, 0x0000000800000000)
  region size 2048K, 6 young (12288K), 6 survivors (12288K)
 Metaspace       used 80409K, committed 80832K, reserved 1179648K
  class space    used 7156K, committed 7296K, reserved 1048576K
}
Event: 31.794 GC heap before
{Heap before GC invocations=36 (full 0):
 garbage-first heap   total reserved 3653632K, committed 344064K, used 265680K [0x0000000721000000, 0x0000000800000000)
  region size 2048K, 40 young (81920K), 6 survivors (12288K)
 Metaspace       used 86275K, committed 86656K, reserved 1179648K
  class space    used 7602K, committed 7744K, reserved 1048576K
}
Event: 31.810 GC heap after
{Heap after GC invocations=37 (full 0):
 garbage-first heap   total reserved 3653632K, committed 344064K, used 203698K [0x0000000721000000, 0x0000000800000000)
  region size 2048K, 3 young (6144K), 3 survivors (6144K)
 Metaspace       used 86275K, committed 86656K, reserved 1179648K
  class space    used 7602K, committed 7744K, reserved 1048576K
}
Event: 33.289 GC heap before
{Heap before GC invocations=38 (full 0):
 garbage-first heap   total reserved 3653632K, committed 344064K, used 295858K [0x0000000721000000, 0x0000000800000000)
  region size 2048K, 48 young (98304K), 3 survivors (6144K)
 Metaspace       used 87121K, committed 87552K, reserved 1179648K
  class space    used 7617K, committed 7808K, reserved 1048576K
}
Event: 33.299 GC heap after
{Heap after GC invocations=39 (full 0):
 garbage-first heap   total reserved 3653632K, committed 344064K, used 210435K [0x0000000721000000, 0x0000000800000000)
  region size 2048K, 6 young (12288K), 6 survivors (12288K)
 Metaspace       used 87121K, committed 87552K, reserved 1179648K
  class space    used 7617K, committed 7808K, reserved 1048576K
}
Event: 34.372 GC heap before
{Heap before GC invocations=39 (full 0):
 garbage-first heap   total reserved 3653632K, committed 344064K, used 302595K [0x0000000721000000, 0x0000000800000000)
  region size 2048K, 51 young (104448K), 6 survivors (12288K)
 Metaspace       used 87515K, committed 87936K, reserved 1179648K
  class space    used 7630K, committed 7808K, reserved 1048576K
}
Event: 34.394 GC heap after
{Heap after GC invocations=40 (full 0):
 garbage-first heap   total reserved 3653632K, committed 344064K, used 211482K [0x0000000721000000, 0x0000000800000000)
  region size 2048K, 7 young (14336K), 7 survivors (14336K)
 Metaspace       used 87515K, committed 87936K, reserved 1179648K
  class space    used 7630K, committed 7808K, reserved 1048576K
}
Event: 35.192 GC heap before
{Heap before GC invocations=40 (full 0):
 garbage-first heap   total reserved 3653632K, committed 344064K, used 305690K [0x0000000721000000, 0x0000000800000000)
  region size 2048K, 53 young (108544K), 7 survivors (14336K)
 Metaspace       used 87670K, committed 88128K, reserved 1179648K
  class space    used 7631K, committed 7808K, reserved 1048576K
}
Event: 35.205 GC heap after
{Heap after GC invocations=41 (full 0):
 garbage-first heap   total reserved 3653632K, committed 344064K, used 218918K [0x0000000721000000, 0x0000000800000000)
  region size 2048K, 7 young (14336K), 7 survivors (14336K)
 Metaspace       used 87670K, committed 88128K, reserved 1179648K
  class space    used 7631K, committed 7808K, reserved 1048576K
}
Event: 35.795 GC heap before
{Heap before GC invocations=42 (full 0):
 garbage-first heap   total reserved 3653632K, committed 366592K, used 309030K [0x0000000721000000, 0x0000000800000000)
  region size 2048K, 51 young (104448K), 7 survivors (14336K)
 Metaspace       used 87723K, committed 88192K, reserved 1179648K
  class space    used 7631K, committed 7808K, reserved 1048576K
}
Event: 35.815 GC heap after
{Heap after GC invocations=43 (full 0):
 garbage-first heap   total reserved 3653632K, committed 366592K, used 229332K [0x0000000721000000, 0x0000000800000000)
  region size 2048K, 7 young (14336K), 7 survivors (14336K)
 Metaspace       used 87723K, committed 88192K, reserved 1179648K
  class space    used 7631K, committed 7808K, reserved 1048576K
}
Event: 36.417 GC heap before
{Heap before GC invocations=43 (full 0):
 garbage-first heap   total reserved 3653632K, committed 366592K, used 325588K [0x0000000721000000, 0x0000000800000000)
  region size 2048K, 54 young (110592K), 7 survivors (14336K)
 Metaspace       used 87776K, committed 88192K, reserved 1179648K
  class space    used 7631K, committed 7808K, reserved 1048576K
}
Event: 36.444 GC heap after
{Heap after GC invocations=44 (full 0):
 garbage-first heap   total reserved 3653632K, committed 366592K, used 236069K [0x0000000721000000, 0x0000000800000000)
  region size 2048K, 5 young (10240K), 5 survivors (10240K)
 Metaspace       used 87776K, committed 88192K, reserved 1179648K
  class space    used 7631K, committed 7808K, reserved 1048576K
}
Event: 36.730 GC heap before
{Heap before GC invocations=44 (full 0):
 garbage-first heap   total reserved 3653632K, committed 366592K, used 330277K [0x0000000721000000, 0x0000000800000000)
  region size 2048K, 51 young (104448K), 5 survivors (10240K)
 Metaspace       used 87780K, committed 88192K, reserved 1179648K
  class space    used 7631K, committed 7808K, reserved 1048576K
}

