# JRE version: Java(TM) SE Runtime Environment (24.0.2+12) (build 24.0.2+12-54)
# Java VM: Java HotSpot(TM) 64-Bit Server VM (24.0.2+12-54, mixed mode, sharing, tiered, compressed oops, compressed class ptrs, g1 gc, windows-amd64)
GC Precious Log:
 CardTable entry size: 512
 Card Set container configuration: InlinePtr #cards 5 size 8 Array Of Cards #cards 10 size 36 Howl #buckets 4 coarsen threshold 1843 Howl Bitmap #cards 512 size 80 coarsen threshold 460 Card regions per heap region 1 cards per card region 2048
 CPUs: 8 total, 8 available
 Memory: 14269M
 Large Page Support: Disabled
 NUMA Support: Disabled
 Compressed Oops: Enabled (32-bit)
 Heap Region Size: 1M
 Heap Min Capacity: 8M
 Heap Initial Capacity: 224M
 Heap Max Capacity: 2G
 Pre-touch: Disabled
 Parallel Workers: 8
 Concurrent Workers: 2
 Concurrent Refinement Workers: 8
 Periodic GC: Disabled
Heap:
 garbage-first heap   total reserved 2097152K, committed 404480K, used 260853K [0x0000000080000000, 0x0000000100000000)
  region size 1024K, 22 young (22528K), 11 survivors (11264K)
 Metaspace       used 145834K, committed 148544K, reserved 1245184K
  class space    used 16161K, committed 17408K, reserved 1048576K
GC Heap History (20 events):
Event: 210.550 GC heap before
{Heap before GC invocations=50 (full 0):
 garbage-first heap   total reserved 2097152K, committed 299008K, used 272574K [0x0000000080000000, 0x0000000100000000)
  region size 1024K, 92 young (94208K), 8 survivors (8192K)
 Metaspace       used 130135K, committed 132672K, reserved 1179648K
  class space    used 14458K, committed 15680K, reserved 1048576K
}
Event: 210.565 GC heap after
{Heap after GC invocations=51 (full 0):
 garbage-first heap   total reserved 2097152K, committed 299008K, used 196343K [0x0000000080000000, 0x0000000100000000)
  region size 1024K, 9 young (9216K), 9 survivors (9216K)
 Metaspace       used 130135K, committed 132672K, reserved 1179648K
  class space    used 14458K, committed 15680K, reserved 1048576K
}
Event: 840.371 GC heap before
{Heap before GC invocations=52 (full 0):
 garbage-first heap   total reserved 2097152K, committed 327680K, used 272119K [0x0000000080000000, 0x0000000100000000)
  region size 1024K, 84 young (86016K), 9 survivors (9216K)
 Metaspace       used 131353K, committed 133888K, reserved 1179648K
  class space    used 14626K, committed 15808K, reserved 1048576K
}
Event: 840.383 GC heap after
{Heap after GC invocations=53 (full 0):
 garbage-first heap   total reserved 2097152K, committed 327680K, used 200016K [0x0000000080000000, 0x0000000100000000)
  region size 1024K, 4 young (4096K), 4 survivors (4096K)
 Metaspace       used 131353K, committed 133888K, reserved 1179648K
  class space    used 14626K, committed 15808K, reserved 1048576K
}
Event: 852.496 GC heap before
{Heap before GC invocations=53 (full 0):
 garbage-first heap   total reserved 2097152K, committed 327680K, used 302416K [0x0000000080000000, 0x0000000100000000)
  region size 1024K, 105 young (107520K), 4 survivors (4096K)
 Metaspace       used 133348K, committed 135936K, reserved 1179648K
  class space    used 14875K, committed 16064K, reserved 1048576K
}
Event: 852.622 GC heap after
{Heap after GC invocations=54 (full 0):
 garbage-first heap   total reserved 2097152K, committed 327680K, used 201212K [0x0000000080000000, 0x0000000100000000)
  region size 1024K, 6 young (6144K), 6 survivors (6144K)
 Metaspace       used 133348K, committed 135936K, reserved 1179648K
  class space    used 14875K, committed 16064K, reserved 1048576K
}
Event: 867.666 GC heap before
{Heap before GC invocations=54 (full 0):
 garbage-first heap   total reserved 2097152K, committed 327680K, used 301564K [0x0000000080000000, 0x0000000100000000)
  region size 1024K, 104 young (106496K), 6 survivors (6144K)
 Metaspace       used 133651K, committed 136256K, reserved 1179648K
  class space    used 14876K, committed 16064K, reserved 1048576K
}
Event: 867.673 GC heap after
{Heap after GC invocations=55 (full 0):
 garbage-first heap   total reserved 2097152K, committed 327680K, used 201351K [0x0000000080000000, 0x0000000100000000)
  region size 1024K, 6 young (6144K), 6 survivors (6144K)
 Metaspace       used 133651K, committed 136256K, reserved 1179648K
  class space    used 14876K, committed 16064K, reserved 1048576K
}
Event: 869.000 GC heap before
{Heap before GC invocations=56 (full 0):
 garbage-first heap   total reserved 2097152K, committed 336896K, used 303751K [0x0000000080000000, 0x0000000100000000)
  region size 1024K, 106 young (108544K), 6 survivors (6144K)
 Metaspace       used 135173K, committed 137856K, reserved 1179648K
  class space    used 15077K, committed 16320K, reserved 1048576K
}
Event: 869.016 GC heap after
{Heap after GC invocations=57 (full 0):
 garbage-first heap   total reserved 2097152K, committed 336896K, used 209910K [0x0000000080000000, 0x0000000100000000)
  region size 1024K, 14 young (14336K), 14 survivors (14336K)
 Metaspace       used 135173K, committed 137856K, reserved 1179648K
  class space    used 15077K, committed 16320K, reserved 1048576K
}
Event: 870.427 GC heap before
{Heap before GC invocations=57 (full 0):
 garbage-first heap   total reserved 2097152K, committed 336896K, used 305142K [0x0000000080000000, 0x0000000100000000)
  region size 1024K, 107 young (109568K), 14 survivors (14336K)
 Metaspace       used 136102K, committed 138752K, reserved 1179648K
  class space    used 15185K, committed 16384K, reserved 1048576K
}
Event: 870.452 GC heap after
{Heap after GC invocations=58 (full 0):
 garbage-first heap   total reserved 2097152K, committed 336896K, used 222208K [0x0000000080000000, 0x0000000100000000)
  region size 1024K, 14 young (14336K), 14 survivors (14336K)
 Metaspace       used 136102K, committed 138752K, reserved 1179648K
  class space    used 15185K, committed 16384K, reserved 1048576K
}
Event: 874.138 GC heap before
{Heap before GC invocations=58 (full 0):
 garbage-first heap   total reserved 2097152K, committed 336896K, used 304128K [0x0000000080000000, 0x0000000100000000)
  region size 1024K, 95 young (97280K), 14 survivors (14336K)
 Metaspace       used 138529K, committed 141248K, reserved 1179648K
  class space    used 15430K, committed 16704K, reserved 1048576K
}
Event: 874.158 GC heap after
{Heap after GC invocations=59 (full 0):
 garbage-first heap   total reserved 2097152K, committed 336896K, used 237467K [0x0000000080000000, 0x0000000100000000)
  region size 1024K, 12 young (12288K), 12 survivors (12288K)
 Metaspace       used 138529K, committed 141248K, reserved 1179648K
  class space    used 15430K, committed 16704K, reserved 1048576K
}
Event: 875.617 GC heap before
{Heap before GC invocations=60 (full 0):
 garbage-first heap   total reserved 2097152K, committed 396288K, used 316315K [0x0000000080000000, 0x0000000100000000)
  region size 1024K, 77 young (78848K), 12 survivors (12288K)
 Metaspace       used 139366K, committed 142080K, reserved 1179648K
  class space    used 15495K, committed 16768K, reserved 1048576K
}
Event: 875.635 GC heap after
{Heap after GC invocations=61 (full 0):
 garbage-first heap   total reserved 2097152K, committed 396288K, used 249591K [0x0000000080000000, 0x0000000100000000)
  region size 1024K, 10 young (10240K), 10 survivors (10240K)
 Metaspace       used 139366K, committed 142080K, reserved 1179648K
  class space    used 15495K, committed 16768K, reserved 1048576K
}
Event: 876.784 GC heap before
{Heap before GC invocations=61 (full 0):
 garbage-first heap   total reserved 2097152K, committed 396288K, used 338679K [0x0000000080000000, 0x0000000100000000)
  region size 1024K, 98 young (100352K), 10 survivors (10240K)
 Metaspace       used 142453K, committed 145216K, reserved 1179648K
  class space    used 15769K, committed 17088K, reserved 1048576K
}
Event: 876.804 GC heap after
{Heap after GC invocations=62 (full 0):
 garbage-first heap   total reserved 2097152K, committed 396288K, used 249854K [0x0000000080000000, 0x0000000100000000)
  region size 1024K, 9 young (9216K), 9 survivors (9216K)
 Metaspace       used 142453K, committed 145216K, reserved 1179648K
  class space    used 15769K, committed 17088K, reserved 1048576K
}
Event: 880.082 GC heap before
{Heap before GC invocations=62 (full 0):
 garbage-first heap   total reserved 2097152K, committed 396288K, used 342014K [0x0000000080000000, 0x0000000100000000)
  region size 1024K, 100 young (102400K), 9 survivors (9216K)
 Metaspace       used 144965K, committed 147648K, reserved 1245184K
  class space    used 16073K, committed 17344K, reserved 1048576K
}
Event: 880.088 GC heap after
{Heap after GC invocations=63 (full 0):
 garbage-first heap   total reserved 2097152K, committed 396288K, used 245577K [0x0000000080000000, 0x0000000100000000)
  region size 1024K, 3 young (3072K), 3 survivors (3072K)
 Metaspace       used 144965K, committed 147648K, reserved 1245184K
  class space    used 16073K, committed 17344K, reserved 1048576K
}

