# JRE version: Java(TM) SE Runtime Environment (24.0.2+12) (build 24.0.2+12-54)
# Java VM: Java HotSpot(TM) 64-Bit Server VM (24.0.2+12-54, mixed mode, sharing, tiered, compressed oops, compressed class ptrs, g1 gc, windows-amd64)
GC Precious Log:
 CardTable entry size: 512
 Card Set container configuration: InlinePtr #cards 5 size 8 Array Of Cards #cards 10 size 36 Howl #buckets 4 coarsen threshold 1843 Howl Bitmap #cards 512 size 80 coarsen threshold 460 Card regions per heap region 1 cards per card region 2048
 CPUs: 8 total, 8 available
 Memory: 14269M
 Large Page Support: Disabled
 NUMA Support: Disabled
 Compressed Oops: Enabled (32-bit)
 Heap Region Size: 1M
 Heap Min Capacity: 8M
 Heap Initial Capacity: 224M
 Heap Max Capacity: 2G
 Pre-touch: Disabled
 Parallel Workers: 8
 Concurrent Workers: 2
 Concurrent Refinement Workers: 8
 Periodic GC: Disabled
Heap:
 garbage-first heap   total reserved 2097152K, committed 260096K, used 223374K [0x0000000080000000, 0x0000000100000000)
  region size 1024K, 74 young (75776K), 8 survivors (8192K)
 Metaspace       used 121245K, committed 123776K, reserved 1179648K
  class space    used 13705K, committed 14912K, reserved 1048576K
GC Heap History (20 events):
Event: 71.193 GC heap before
{Heap before GC invocations=43 (full 0):
 garbage-first heap   total reserved 2097152K, committed 199680K, used 176763K [0x0000000080000000, 0x0000000100000000)
  region size 1024K, 71 young (72704K), 10 survivors (10240K)
 Metaspace       used 105942K, committed 108416K, reserved 1179648K
  class space    used 12098K, committed 13248K, reserved 1048576K
}
Event: 71.214 GC heap after
{Heap after GC invocations=44 (full 0):
 garbage-first heap   total reserved 2097152K, committed 199680K, used 126174K [0x0000000080000000, 0x0000000100000000)
  region size 1024K, 9 young (9216K), 9 survivors (9216K)
 Metaspace       used 105942K, committed 108416K, reserved 1179648K
  class space    used 12098K, committed 13248K, reserved 1048576K
}
Event: 72.546 GC heap before
{Heap before GC invocations=44 (full 0):
 garbage-first heap   total reserved 2097152K, committed 199680K, used 177374K [0x0000000080000000, 0x0000000100000000)
  region size 1024K, 60 young (61440K), 9 survivors (9216K)
 Metaspace       used 106131K, committed 108608K, reserved 1179648K
  class space    used 12115K, committed 13248K, reserved 1048576K
}
Event: 72.558 GC heap after
{Heap after GC invocations=45 (full 0):
 garbage-first heap   total reserved 2097152K, committed 199680K, used 131210K [0x0000000080000000, 0x0000000100000000)
  region size 1024K, 6 young (6144K), 6 survivors (6144K)
 Metaspace       used 106131K, committed 108608K, reserved 1179648K
  class space    used 12115K, committed 13248K, reserved 1048576K
}
Event: 73.151 GC heap before
{Heap before GC invocations=45 (full 0):
 garbage-first heap   total reserved 2097152K, committed 199680K, used 151690K [0x0000000080000000, 0x0000000100000000)
  region size 1024K, 28 young (28672K), 6 survivors (6144K)
 Metaspace       used 106583K, committed 109056K, reserved 1179648K
  class space    used 12207K, committed 13376K, reserved 1048576K
}
Event: 73.157 GC heap after
{Heap after GC invocations=46 (full 0):
 garbage-first heap   total reserved 2097152K, committed 199680K, used 133376K [0x0000000080000000, 0x0000000100000000)
  region size 1024K, 3 young (3072K), 3 survivors (3072K)
 Metaspace       used 106583K, committed 109056K, reserved 1179648K
  class space    used 12207K, committed 13376K, reserved 1048576K
}
Event: 74.429 GC heap before
{Heap before GC invocations=47 (full 0):
 garbage-first heap   total reserved 2097152K, committed 232448K, used 189696K [0x0000000080000000, 0x0000000100000000)
  region size 1024K, 52 young (53248K), 3 survivors (3072K)
 Metaspace       used 109517K, committed 112064K, reserved 1179648K
  class space    used 12456K, committed 13632K, reserved 1048576K
}
Event: 74.443 GC heap after
{Heap after GC invocations=48 (full 0):
 garbage-first heap   total reserved 2097152K, committed 232448K, used 146719K [0x0000000080000000, 0x0000000100000000)
  region size 1024K, 7 young (7168K), 7 survivors (7168K)
 Metaspace       used 109517K, committed 112064K, reserved 1179648K
  class space    used 12456K, committed 13632K, reserved 1048576K
}
Event: 75.289 GC heap before
{Heap before GC invocations=48 (full 0):
 garbage-first heap   total reserved 2097152K, committed 232448K, used 216351K [0x0000000080000000, 0x0000000100000000)
  region size 1024K, 63 young (64512K), 7 survivors (7168K)
 Metaspace       used 112246K, committed 114688K, reserved 1179648K
  class space    used 12697K, committed 13824K, reserved 1048576K
}
Event: 75.300 GC heap after
{Heap after GC invocations=49 (full 0):
 garbage-first heap   total reserved 2097152K, committed 232448K, used 148386K [0x0000000080000000, 0x0000000100000000)
  region size 1024K, 4 young (4096K), 4 survivors (4096K)
 Metaspace       used 112246K, committed 114688K, reserved 1179648K
  class space    used 12697K, committed 13824K, reserved 1048576K
}
Event: 76.797 GC heap before
{Heap before GC invocations=49 (full 0):
 garbage-first heap   total reserved 2097152K, committed 232448K, used 205730K [0x0000000080000000, 0x0000000100000000)
  region size 1024K, 61 young (62464K), 4 survivors (4096K)
 Metaspace       used 113054K, committed 115520K, reserved 1179648K
  class space    used 12777K, committed 13888K, reserved 1048576K
}
Event: 76.806 GC heap after
{Heap after GC invocations=50 (full 0):
 garbage-first heap   total reserved 2097152K, committed 232448K, used 152948K [0x0000000080000000, 0x0000000100000000)
  region size 1024K, 8 young (8192K), 8 survivors (8192K)
 Metaspace       used 113054K, committed 115520K, reserved 1179648K
  class space    used 12777K, committed 13888K, reserved 1048576K
}
Event: 78.332 GC heap before
{Heap before GC invocations=51 (full 0):
 garbage-first heap   total reserved 2097152K, committed 254976K, used 208244K [0x0000000080000000, 0x0000000100000000)
  region size 1024K, 64 young (65536K), 8 survivors (8192K)
 Metaspace       used 114486K, committed 117056K, reserved 1179648K
  class space    used 12953K, committed 14144K, reserved 1048576K
}
Event: 78.342 GC heap after
{Heap after GC invocations=52 (full 0):
 garbage-first heap   total reserved 2097152K, committed 254976K, used 156212K [0x0000000080000000, 0x0000000100000000)
  region size 1024K, 7 young (7168K), 7 survivors (7168K)
 Metaspace       used 114486K, committed 117056K, reserved 1179648K
  class space    used 12953K, committed 14144K, reserved 1048576K
}
Event: 79.896 GC heap before
{Heap before GC invocations=52 (full 0):
 garbage-first heap   total reserved 2097152K, committed 254976K, used 228916K [0x0000000080000000, 0x0000000100000000)
  region size 1024K, 79 young (80896K), 7 survivors (7168K)
 Metaspace       used 116122K, committed 118656K, reserved 1179648K
  class space    used 13111K, committed 14272K, reserved 1048576K
}
Event: 79.906 GC heap after
{Heap after GC invocations=53 (full 0):
 garbage-first heap   total reserved 2097152K, committed 254976K, used 154728K [0x0000000080000000, 0x0000000100000000)
  region size 1024K, 5 young (5120K), 5 survivors (5120K)
 Metaspace       used 116122K, committed 118656K, reserved 1179648K
  class space    used 13111K, committed 14272K, reserved 1048576K
}
Event: 82.773 GC heap before
{Heap before GC invocations=53 (full 0):
 garbage-first heap   total reserved 2097152K, committed 254976K, used 231528K [0x0000000080000000, 0x0000000100000000)
  region size 1024K, 81 young (82944K), 5 survivors (5120K)
 Metaspace       used 117765K, committed 120320K, reserved 1179648K
  class space    used 13299K, committed 14464K, reserved 1048576K
}
Event: 82.780 GC heap after
{Heap after GC invocations=54 (full 0):
 garbage-first heap   total reserved 2097152K, committed 254976K, used 158474K [0x0000000080000000, 0x0000000100000000)
  region size 1024K, 8 young (8192K), 8 survivors (8192K)
 Metaspace       used 117765K, committed 120320K, reserved 1179648K
  class space    used 13299K, committed 14464K, reserved 1048576K
}
Event: 84.794 GC heap before
{Heap before GC invocations=55 (full 0):
 garbage-first heap   total reserved 2097152K, committed 260096K, used 228106K [0x0000000080000000, 0x0000000100000000)
  region size 1024K, 80 young (81920K), 8 survivors (8192K)
 Metaspace       used 118912K, committed 121472K, reserved 1179648K
  class space    used 13430K, committed 14592K, reserved 1048576K
}
Event: 84.803 GC heap after
{Heap after GC invocations=56 (full 0):
 garbage-first heap   total reserved 2097152K, committed 260096K, used 157838K [0x0000000080000000, 0x0000000100000000)
  region size 1024K, 8 young (8192K), 8 survivors (8192K)
 Metaspace       used 118912K, committed 121472K, reserved 1179648K
  class space    used 13430K, committed 14592K, reserved 1048576K
}

